Solid Edge in STL konvertieren
Datum: Donnerstag,September 14,2023 05:58
Quelldatei:C:\Users\bohle\Downloads\Chassie_V2.par
Ausgangssystem: SOLID EDGE

Hardware:
Prozessor: Intel(R) Core(TM) i5-6200U CPU @ 2.30GHz
Betriebssystem: Windows 10 Professional
Installierter Speicher: 4,76 GB

Software-Informationen:
Parasolid-Version: 35.0.149
PSBodyshop-Version: 35.0.82
Solid Edge-Version: 223.00.00.101 x64

STL-Exportoptionen:
Ausgabedateiformat:BINARY
Angezeigte Teile exportieren: Aus
Strukturoption: Monolithic
Einheiten exportieren:Inch
Toleranzwert exportieren:0,050000
Toleranztyp exportieren:Custom
Flächenplanwinkelwert exportieren:0,523599

Konvertierungsfortschritt:
Phase 1 von 2 - Abrufen der Parasolid-Informationen...
Phase 2 von 2 - Konvertieren von Parasolid in fremde Datentypen...
Anzahl erstellter STL-Dateien : 1
Konvertierungsvorgang ist abgeschlossen
Zum Konvertieren benötigte Zeit:00 : 00 : 01
